[02-Nov-2024 05:35:13 UTC] Script execution started
[02-Nov-2024 05:35:13 UTC] PHP Version: 8.1.29
[02-Nov-2024 05:35:13 UTC] Current working directory: /home/u783522058/domains/neuralroots.ai/public_html/Assesment-Templates/backend
[02-Nov-2024 05:35:13 UTC] Include path: .:/opt/alt/php81/usr/share/pear:/opt/alt/php81/usr/share/php:/usr/share/pear:/usr/share/php
[02-Nov-2024 05:35:13 UTC] Checking file: /home/u783522058/domains/neuralroots.ai/public_html/Assesment-Templates/backend/PHPmailer/src/Exception.php - Exists: Yes
[02-Nov-2024 05:35:13 UTC] Checking file: /home/u783522058/domains/neuralroots.ai/public_html/Assesment-Templates/backend/PHPmailer/src/PHPMailer.php - Exists: Yes
[02-Nov-2024 05:35:13 UTC] Checking file: /home/u783522058/domains/neuralroots.ai/public_html/Assesment-Templates/backend/PHPmailer/src/SMTP.php - Exists: Yes
[02-Nov-2024 05:35:13 UTC] PHPMailer files loaded successfully
[02-Nov-2024 05:35:17 UTC] Script execution completed
[2024-11-02 05:35:31] === Confirmation process started ===
[2024-11-02 05:35:31] Submitted code: 552115
[2024-11-02 05:35:31] Session-stored code: 552115
[2024-11-02 05:35:31] Verification successful. Code matched.
[2024-11-02 05:35:31] === Confirmation process ended ===
[02-Nov-2024 06:15:43 UTC] Script execution started
[02-Nov-2024 06:15:43 UTC] PHP Version: 8.1.29
[02-Nov-2024 06:15:43 UTC] Current working directory: /home/u783522058/domains/neuralroots.ai/public_html/Assesment-Templates/backend
[02-Nov-2024 06:15:43 UTC] Include path: .:/opt/alt/php81/usr/share/pear:/opt/alt/php81/usr/share/php:/usr/share/pear:/usr/share/php
[02-Nov-2024 06:15:43 UTC] Checking file: /home/u783522058/domains/neuralroots.ai/public_html/Assesment-Templates/backend/PHPmailer/src/Exception.php - Exists: Yes
[02-Nov-2024 06:15:43 UTC] Checking file: /home/u783522058/domains/neuralroots.ai/public_html/Assesment-Templates/backend/PHPmailer/src/PHPMailer.php - Exists: Yes
[02-Nov-2024 06:15:43 UTC] Checking file: /home/u783522058/domains/neuralroots.ai/public_html/Assesment-Templates/backend/PHPmailer/src/SMTP.php - Exists: Yes
[02-Nov-2024 06:15:43 UTC] PHPMailer files loaded successfully
[02-Nov-2024 06:15:48 UTC] Script execution completed
[2024-11-02 06:16:04] === Confirmation process started ===
[2024-11-02 06:16:04] Submitted code: 853413
[2024-11-02 06:16:04] Session-stored code: 853413
[2024-11-02 06:16:04] Verification successful. Code matched.
[2024-11-02 06:16:04] === Confirmation process ended ===
[02-Nov-2024 11:14:01 UTC] Script execution started
[02-Nov-2024 11:14:01 UTC] PHP Version: 8.1.29
[02-Nov-2024 11:14:01 UTC] Current working directory: /home/u783522058/domains/neuralroots.ai/public_html/Assesment-Templates/backend
[02-Nov-2024 11:14:01 UTC] Include path: .:/opt/alt/php81/usr/share/pear:/opt/alt/php81/usr/share/php:/usr/share/pear:/usr/share/php
[02-Nov-2024 11:14:01 UTC] Checking file: /home/u783522058/domains/neuralroots.ai/public_html/Assesment-Templates/backend/PHPmailer/src/Exception.php - Exists: Yes
[02-Nov-2024 11:14:01 UTC] Checking file: /home/u783522058/domains/neuralroots.ai/public_html/Assesment-Templates/backend/PHPmailer/src/PHPMailer.php - Exists: Yes
[02-Nov-2024 11:14:01 UTC] Checking file: /home/u783522058/domains/neuralroots.ai/public_html/Assesment-Templates/backend/PHPmailer/src/SMTP.php - Exists: Yes
[02-Nov-2024 11:14:01 UTC] PHPMailer files loaded successfully
[02-Nov-2024 11:14:06 UTC] Script execution completed
[2024-11-02 11:14:42] === Confirmation process started ===
[2024-11-02 11:14:42] Submitted code: 781552
[2024-11-02 11:14:42] Session-stored code: 781552
[2024-11-02 11:14:42] Verification successful. Code matched.
[2024-11-02 11:14:42] === Confirmation process ended ===
[03-Nov-2024 04:58:02 UTC] Script execution started
[03-Nov-2024 04:58:02 UTC] PHP Version: 8.1.29
[03-Nov-2024 04:58:02 UTC] Current working directory: /home/u783522058/domains/neuralroots.ai/public_html/Assesment-Templates/backend
[03-Nov-2024 04:58:02 UTC] Include path: .:/opt/alt/php81/usr/share/pear:/opt/alt/php81/usr/share/php:/usr/share/pear:/usr/share/php
[03-Nov-2024 04:58:02 UTC] Checking file: /home/u783522058/domains/neuralroots.ai/public_html/Assesment-Templates/backend/PHPmailer/src/Exception.php - Exists: Yes
[03-Nov-2024 04:58:02 UTC] Checking file: /home/u783522058/domains/neuralroots.ai/public_html/Assesment-Templates/backend/PHPmailer/src/PHPMailer.php - Exists: Yes
[03-Nov-2024 04:58:02 UTC] Checking file: /home/u783522058/domains/neuralroots.ai/public_html/Assesment-Templates/backend/PHPmailer/src/SMTP.php - Exists: Yes
[03-Nov-2024 04:58:02 UTC] PHPMailer files loaded successfully
[03-Nov-2024 04:58:08 UTC] Script execution completed
[2024-11-03 04:58:26] === Confirmation process started ===
[2024-11-03 04:58:26] Submitted code: 473010
[2024-11-03 04:58:26] Session-stored code: 473010
[2024-11-03 04:58:26] Verification successful. Code matched.
[2024-11-03 04:58:26] === Confirmation process ended ===
[03-Nov-2024 06:50:17 UTC] Script execution started
[03-Nov-2024 06:50:17 UTC] PHP Version: 8.1.29
[03-Nov-2024 06:50:17 UTC] Current working directory: /home/u783522058/domains/neuralroots.ai/public_html/Assesment-Templates/backend
[03-Nov-2024 06:50:17 UTC] Include path: .:/opt/alt/php81/usr/share/pear:/opt/alt/php81/usr/share/php:/usr/share/pear:/usr/share/php
[03-Nov-2024 06:50:17 UTC] Checking file: /home/u783522058/domains/neuralroots.ai/public_html/Assesment-Templates/backend/PHPmailer/src/Exception.php - Exists: Yes
[03-Nov-2024 06:50:17 UTC] Checking file: /home/u783522058/domains/neuralroots.ai/public_html/Assesment-Templates/backend/PHPmailer/src/PHPMailer.php - Exists: Yes
[03-Nov-2024 06:50:17 UTC] Checking file: /home/u783522058/domains/neuralroots.ai/public_html/Assesment-Templates/backend/PHPmailer/src/SMTP.php - Exists: Yes
[03-Nov-2024 06:50:17 UTC] PHPMailer files loaded successfully
[03-Nov-2024 06:50:21 UTC] Script execution completed
[2024-11-03 06:50:35] === Confirmation process started ===
[2024-11-03 06:50:35] Submitted code: 104329
[2024-11-03 06:50:35] Session-stored code: 104329
[2024-11-03 06:50:35] Verification successful. Code matched.
[2024-11-03 06:50:35] === Confirmation process ended ===
[03-Nov-2024 07:04:00 UTC] Script execution started
[03-Nov-2024 07:04:00 UTC] PHP Version: 8.1.29
[03-Nov-2024 07:04:00 UTC] Current working directory: /home/u783522058/domains/neuralroots.ai/public_html/Assesment-Templates/backend
[03-Nov-2024 07:04:00 UTC] Include path: .:/opt/alt/php81/usr/share/pear:/opt/alt/php81/usr/share/php:/usr/share/pear:/usr/share/php
[03-Nov-2024 07:04:00 UTC] Checking file: /home/u783522058/domains/neuralroots.ai/public_html/Assesment-Templates/backend/PHPmailer/src/Exception.php - Exists: Yes
[03-Nov-2024 07:04:00 UTC] Checking file: /home/u783522058/domains/neuralroots.ai/public_html/Assesment-Templates/backend/PHPmailer/src/PHPMailer.php - Exists: Yes
[03-Nov-2024 07:04:00 UTC] Checking file: /home/u783522058/domains/neuralroots.ai/public_html/Assesment-Templates/backend/PHPmailer/src/SMTP.php - Exists: Yes
[03-Nov-2024 07:04:00 UTC] PHPMailer files loaded successfully
[03-Nov-2024 07:04:04 UTC] Script execution completed
[2024-11-03 07:04:24] === Confirmation process started ===
[2024-11-03 07:04:24] Submitted code: 603476
[2024-11-03 07:04:24] Session-stored code: 603476
[2024-11-03 07:04:24] Verification successful. Code matched.
[2024-11-03 07:04:24] === Confirmation process ended ===
[03-Nov-2024 08:13:20 UTC] Script execution started
[03-Nov-2024 08:13:20 UTC] PHP Version: 8.1.29
[03-Nov-2024 08:13:20 UTC] Current working directory: /home/u783522058/domains/neuralroots.ai/public_html/Assesment-Templates/backend
[03-Nov-2024 08:13:20 UTC] Include path: .:/opt/alt/php81/usr/share/pear:/opt/alt/php81/usr/share/php:/usr/share/pear:/usr/share/php
[03-Nov-2024 08:13:20 UTC] Checking file: /home/u783522058/domains/neuralroots.ai/public_html/Assesment-Templates/backend/PHPmailer/src/Exception.php - Exists: Yes
[03-Nov-2024 08:13:20 UTC] Checking file: /home/u783522058/domains/neuralroots.ai/public_html/Assesment-Templates/backend/PHPmailer/src/PHPMailer.php - Exists: Yes
[03-Nov-2024 08:13:20 UTC] Checking file: /home/u783522058/domains/neuralroots.ai/public_html/Assesment-Templates/backend/PHPmailer/src/SMTP.php - Exists: Yes
[03-Nov-2024 08:13:20 UTC] PHPMailer files loaded successfully
[03-Nov-2024 08:13:36 UTC] Script execution started
[03-Nov-2024 08:13:36 UTC] PHP Version: 8.1.29
[03-Nov-2024 08:13:36 UTC] Current working directory: /home/u783522058/domains/neuralroots.ai/public_html/Assesment-Templates/backend
[03-Nov-2024 08:13:36 UTC] Include path: .:/opt/alt/php81/usr/share/pear:/opt/alt/php81/usr/share/php:/usr/share/pear:/usr/share/php
[03-Nov-2024 08:13:36 UTC] Checking file: /home/u783522058/domains/neuralroots.ai/public_html/Assesment-Templates/backend/PHPmailer/src/Exception.php - Exists: Yes
[03-Nov-2024 08:13:36 UTC] Checking file: /home/u783522058/domains/neuralroots.ai/public_html/Assesment-Templates/backend/PHPmailer/src/PHPMailer.php - Exists: Yes
[03-Nov-2024 08:13:36 UTC] Checking file: /home/u783522058/domains/neuralroots.ai/public_html/Assesment-Templates/backend/PHPmailer/src/SMTP.php - Exists: Yes
[03-Nov-2024 08:13:36 UTC] PHPMailer files loaded successfully
[03-Nov-2024 08:13:36 UTC] Script execution started
[03-Nov-2024 08:13:36 UTC] PHP Version: 8.1.29
[03-Nov-2024 08:13:36 UTC] Current working directory: /home/u783522058/domains/neuralroots.ai/public_html/Assesment-Templates/backend
[03-Nov-2024 08:13:36 UTC] Include path: .:/opt/alt/php81/usr/share/pear:/opt/alt/php81/usr/share/php:/usr/share/pear:/usr/share/php
[03-Nov-2024 08:13:36 UTC] Checking file: /home/u783522058/domains/neuralroots.ai/public_html/Assesment-Templates/backend/PHPmailer/src/Exception.php - Exists: Yes
[03-Nov-2024 08:13:36 UTC] Checking file: /home/u783522058/domains/neuralroots.ai/public_html/Assesment-Templates/backend/PHPmailer/src/PHPMailer.php - Exists: Yes
[03-Nov-2024 08:13:36 UTC] Checking file: /home/u783522058/domains/neuralroots.ai/public_html/Assesment-Templates/backend/PHPmailer/src/SMTP.php - Exists: Yes
[03-Nov-2024 08:13:36 UTC] PHPMailer files loaded successfully
[03-Nov-2024 08:13:41 UTC] Script execution completed
[03-Nov-2024 08:15:24 UTC] Script execution started
[03-Nov-2024 08:15:24 UTC] PHP Version: 8.1.29
[03-Nov-2024 08:15:24 UTC] Current working directory: /home/u783522058/domains/neuralroots.ai/public_html/Assesment-Templates/backend
[03-Nov-2024 08:15:24 UTC] Include path: .:/opt/alt/php81/usr/share/pear:/opt/alt/php81/usr/share/php:/usr/share/pear:/usr/share/php
[03-Nov-2024 08:15:24 UTC] Checking file: /home/u783522058/domains/neuralroots.ai/public_html/Assesment-Templates/backend/PHPmailer/src/Exception.php - Exists: Yes
[03-Nov-2024 08:15:24 UTC] Checking file: /home/u783522058/domains/neuralroots.ai/public_html/Assesment-Templates/backend/PHPmailer/src/PHPMailer.php - Exists: Yes
[03-Nov-2024 08:15:24 UTC] Checking file: /home/u783522058/domains/neuralroots.ai/public_html/Assesment-Templates/backend/PHPmailer/src/SMTP.php - Exists: Yes
[03-Nov-2024 08:15:24 UTC] PHPMailer files loaded successfully
[03-Nov-2024 08:15:24 UTC] Script execution started
[03-Nov-2024 08:15:24 UTC] PHP Version: 8.1.29
[03-Nov-2024 08:15:24 UTC] Current working directory: /home/u783522058/domains/neuralroots.ai/public_html/Assesment-Templates/backend
[03-Nov-2024 08:15:24 UTC] Include path: .:/opt/alt/php81/usr/share/pear:/opt/alt/php81/usr/share/php:/usr/share/pear:/usr/share/php
[03-Nov-2024 08:15:24 UTC] Checking file: /home/u783522058/domains/neuralroots.ai/public_html/Assesment-Templates/backend/PHPmailer/src/Exception.php - Exists: Yes
[03-Nov-2024 08:15:24 UTC] Checking file: /home/u783522058/domains/neuralroots.ai/public_html/Assesment-Templates/backend/PHPmailer/src/PHPMailer.php - Exists: Yes
[03-Nov-2024 08:15:24 UTC] Checking file: /home/u783522058/domains/neuralroots.ai/public_html/Assesment-Templates/backend/PHPmailer/src/SMTP.php - Exists: Yes
[03-Nov-2024 08:15:24 UTC] PHPMailer files loaded successfully
[03-Nov-2024 08:15:28 UTC] Script execution completed
[03-Nov-2024 08:15:28 UTC] Script execution started
[03-Nov-2024 08:15:28 UTC] PHP Version: 8.1.29
[03-Nov-2024 08:15:28 UTC] Current working directory: /home/u783522058/domains/neuralroots.ai/public_html/Assesment-Templates/backend
[03-Nov-2024 08:15:28 UTC] Include path: .:/opt/alt/php81/usr/share/pear:/opt/alt/php81/usr/share/php:/usr/share/pear:/usr/share/php
[03-Nov-2024 08:15:28 UTC] Checking file: /home/u783522058/domains/neuralroots.ai/public_html/Assesment-Templates/backend/PHPmailer/src/Exception.php - Exists: Yes
[03-Nov-2024 08:15:28 UTC] Checking file: /home/u783522058/domains/neuralroots.ai/public_html/Assesment-Templates/backend/PHPmailer/src/PHPMailer.php - Exists: Yes
[03-Nov-2024 08:15:28 UTC] Checking file: /home/u783522058/domains/neuralroots.ai/public_html/Assesment-Templates/backend/PHPmailer/src/SMTP.php - Exists: Yes
[03-Nov-2024 08:15:28 UTC] PHPMailer files loaded successfully
[03-Nov-2024 08:15:32 UTC] Script execution completed
[03-Nov-2024 08:15:32 UTC] Script execution started
[03-Nov-2024 08:15:32 UTC] PHP Version: 8.1.29
[03-Nov-2024 08:15:32 UTC] Current working directory: /home/u783522058/domains/neuralroots.ai/public_html/Assesment-Templates/backend
[03-Nov-2024 08:15:32 UTC] Include path: .:/opt/alt/php81/usr/share/pear:/opt/alt/php81/usr/share/php:/usr/share/pear:/usr/share/php
[03-Nov-2024 08:15:32 UTC] Checking file: /home/u783522058/domains/neuralroots.ai/public_html/Assesment-Templates/backend/PHPmailer/src/Exception.php - Exists: Yes
[03-Nov-2024 08:15:32 UTC] Checking file: /home/u783522058/domains/neuralroots.ai/public_html/Assesment-Templates/backend/PHPmailer/src/PHPMailer.php - Exists: Yes
[03-Nov-2024 08:15:32 UTC] Checking file: /home/u783522058/domains/neuralroots.ai/public_html/Assesment-Templates/backend/PHPmailer/src/SMTP.php - Exists: Yes
[03-Nov-2024 08:15:32 UTC] PHPMailer files loaded successfully
[03-Nov-2024 08:17:55 UTC] Script execution started
[03-Nov-2024 08:17:55 UTC] PHP Version: 8.1.29
[03-Nov-2024 08:17:55 UTC] Current working directory: /home/u783522058/domains/neuralroots.ai/public_html/Assesment-Templates/backend
[03-Nov-2024 08:17:55 UTC] Include path: .:/opt/alt/php81/usr/share/pear:/opt/alt/php81/usr/share/php:/usr/share/pear:/usr/share/php
[03-Nov-2024 08:17:55 UTC] Checking file: /home/u783522058/domains/neuralroots.ai/public_html/Assesment-Templates/backend/PHPmailer/src/Exception.php - Exists: Yes
[03-Nov-2024 08:17:55 UTC] Checking file: /home/u783522058/domains/neuralroots.ai/public_html/Assesment-Templates/backend/PHPmailer/src/PHPMailer.php - Exists: Yes
[03-Nov-2024 08:17:55 UTC] Checking file: /home/u783522058/domains/neuralroots.ai/public_html/Assesment-Templates/backend/PHPmailer/src/SMTP.php - Exists: Yes
[03-Nov-2024 08:17:55 UTC] PHPMailer files loaded successfully
[03-Nov-2024 08:18:00 UTC] Script execution completed
[03-Nov-2024 08:18:00 UTC] Script execution started
[03-Nov-2024 08:18:00 UTC] PHP Version: 8.1.29
[03-Nov-2024 08:18:00 UTC] Current working directory: /home/u783522058/domains/neuralroots.ai/public_html/Assesment-Templates/backend
[03-Nov-2024 08:18:00 UTC] Include path: .:/opt/alt/php81/usr/share/pear:/opt/alt/php81/usr/share/php:/usr/share/pear:/usr/share/php
[03-Nov-2024 08:18:00 UTC] Checking file: /home/u783522058/domains/neuralroots.ai/public_html/Assesment-Templates/backend/PHPmailer/src/Exception.php - Exists: Yes
[03-Nov-2024 08:18:00 UTC] Checking file: /home/u783522058/domains/neuralroots.ai/public_html/Assesment-Templates/backend/PHPmailer/src/PHPMailer.php - Exists: Yes
[03-Nov-2024 08:18:00 UTC] Checking file: /home/u783522058/domains/neuralroots.ai/public_html/Assesment-Templates/backend/PHPmailer/src/SMTP.php - Exists: Yes
[03-Nov-2024 08:18:00 UTC] PHPMailer files loaded successfully
[03-Nov-2024 08:19:56 UTC] Script execution started
[03-Nov-2024 08:19:56 UTC] PHP Version: 8.1.29
[03-Nov-2024 08:19:56 UTC] Current working directory: /home/u783522058/domains/neuralroots.ai/public_html/Assesment-Templates/backend
[03-Nov-2024 08:19:56 UTC] Include path: .:/opt/alt/php81/usr/share/pear:/opt/alt/php81/usr/share/php:/usr/share/pear:/usr/share/php
[03-Nov-2024 08:19:56 UTC] Checking file: /home/u783522058/domains/neuralroots.ai/public_html/Assesment-Templates/backend/PHPmailer/src/Exception.php - Exists: Yes
[03-Nov-2024 08:19:56 UTC] Checking file: /home/u783522058/domains/neuralroots.ai/public_html/Assesment-Templates/backend/PHPmailer/src/PHPMailer.php - Exists: Yes
[03-Nov-2024 08:19:56 UTC] Checking file: /home/u783522058/domains/neuralroots.ai/public_html/Assesment-Templates/backend/PHPmailer/src/SMTP.php - Exists: Yes
[03-Nov-2024 08:19:56 UTC] PHPMailer files loaded successfully
[03-Nov-2024 08:19:56 UTC] Script execution started
[03-Nov-2024 08:19:56 UTC] PHP Version: 8.1.29
[03-Nov-2024 08:19:56 UTC] Current working directory: /home/u783522058/domains/neuralroots.ai/public_html/Assesment-Templates/backend
[03-Nov-2024 08:19:56 UTC] Include path: .:/opt/alt/php81/usr/share/pear:/opt/alt/php81/usr/share/php:/usr/share/pear:/usr/share/php
[03-Nov-2024 08:19:56 UTC] Checking file: /home/u783522058/domains/neuralroots.ai/public_html/Assesment-Templates/backend/PHPmailer/src/Exception.php - Exists: Yes
[03-Nov-2024 08:19:56 UTC] Checking file: /home/u783522058/domains/neuralroots.ai/public_html/Assesment-Templates/backend/PHPmailer/src/PHPMailer.php - Exists: Yes
[03-Nov-2024 08:19:56 UTC] Checking file: /home/u783522058/domains/neuralroots.ai/public_html/Assesment-Templates/backend/PHPmailer/src/SMTP.php - Exists: Yes
[03-Nov-2024 08:19:56 UTC] PHPMailer files loaded successfully
[03-Nov-2024 08:21:15 UTC] Script execution started
[03-Nov-2024 08:21:15 UTC] PHP Version: 8.1.29
[03-Nov-2024 08:21:15 UTC] Current working directory: /home/u783522058/domains/neuralroots.ai/public_html/Assesment-Templates/backend
[03-Nov-2024 08:21:15 UTC] Include path: .:/opt/alt/php81/usr/share/pear:/opt/alt/php81/usr/share/php:/usr/share/pear:/usr/share/php
[03-Nov-2024 08:21:15 UTC] Checking file: /home/u783522058/domains/neuralroots.ai/public_html/Assesment-Templates/backend/PHPmailer/src/Exception.php - Exists: Yes
[03-Nov-2024 08:21:15 UTC] Checking file: /home/u783522058/domains/neuralroots.ai/public_html/Assesment-Templates/backend/PHPmailer/src/PHPMailer.php - Exists: Yes
[03-Nov-2024 08:21:15 UTC] Checking file: /home/u783522058/domains/neuralroots.ai/public_html/Assesment-Templates/backend/PHPmailer/src/SMTP.php - Exists: Yes
[03-Nov-2024 08:21:15 UTC] PHPMailer files loaded successfully
[03-Nov-2024 08:21:15 UTC] Script execution started
[03-Nov-2024 08:21:15 UTC] PHP Version: 8.1.29
[03-Nov-2024 08:21:15 UTC] Current working directory: /home/u783522058/domains/neuralroots.ai/public_html/Assesment-Templates/backend
[03-Nov-2024 08:21:15 UTC] Include path: .:/opt/alt/php81/usr/share/pear:/opt/alt/php81/usr/share/php:/usr/share/pear:/usr/share/php
[03-Nov-2024 08:21:15 UTC] Checking file: /home/u783522058/domains/neuralroots.ai/public_html/Assesment-Templates/backend/PHPmailer/src/Exception.php - Exists: Yes
[03-Nov-2024 08:21:15 UTC] Checking file: /home/u783522058/domains/neuralroots.ai/public_html/Assesment-Templates/backend/PHPmailer/src/PHPMailer.php - Exists: Yes
[03-Nov-2024 08:21:15 UTC] Checking file: /home/u783522058/domains/neuralroots.ai/public_html/Assesment-Templates/backend/PHPmailer/src/SMTP.php - Exists: Yes
[03-Nov-2024 08:21:15 UTC] PHPMailer files loaded successfully
[03-Nov-2024 08:21:34 UTC] Script execution started
[03-Nov-2024 08:21:34 UTC] PHP Version: 8.1.29
[03-Nov-2024 08:21:34 UTC] Current working directory: /home/u783522058/domains/neuralroots.ai/public_html/Assesment-Templates/backend
[03-Nov-2024 08:21:34 UTC] Include path: .:/opt/alt/php81/usr/share/pear:/opt/alt/php81/usr/share/php:/usr/share/pear:/usr/share/php
[03-Nov-2024 08:21:34 UTC] Checking file: /home/u783522058/domains/neuralroots.ai/public_html/Assesment-Templates/backend/PHPmailer/src/Exception.php - Exists: Yes
[03-Nov-2024 08:21:34 UTC] Checking file: /home/u783522058/domains/neuralroots.ai/public_html/Assesment-Templates/backend/PHPmailer/src/PHPMailer.php - Exists: Yes
[03-Nov-2024 08:21:34 UTC] Checking file: /home/u783522058/domains/neuralroots.ai/public_html/Assesment-Templates/backend/PHPmailer/src/SMTP.php - Exists: Yes
[03-Nov-2024 08:21:34 UTC] PHPMailer files loaded successfully
[03-Nov-2024 08:24:05 UTC] Script execution started
[03-Nov-2024 08:24:05 UTC] PHP Version: 8.1.29
[03-Nov-2024 08:24:05 UTC] Current working directory: /home/u783522058/domains/neuralroots.ai/public_html/Assesment-Templates/backend
[03-Nov-2024 08:24:05 UTC] Include path: .:/opt/alt/php81/usr/share/pear:/opt/alt/php81/usr/share/php:/usr/share/pear:/usr/share/php
[03-Nov-2024 08:24:05 UTC] Checking file: /home/u783522058/domains/neuralroots.ai/public_html/Assesment-Templates/backend/PHPmailer/src/Exception.php - Exists: Yes
[03-Nov-2024 08:24:05 UTC] Checking file: /home/u783522058/domains/neuralroots.ai/public_html/Assesment-Templates/backend/PHPmailer/src/PHPMailer.php - Exists: Yes
[03-Nov-2024 08:24:05 UTC] Checking file: /home/u783522058/domains/neuralroots.ai/public_html/Assesment-Templates/backend/PHPmailer/src/SMTP.php - Exists: Yes
[03-Nov-2024 08:24:05 UTC] PHPMailer files loaded successfully
[03-Nov-2024 08:24:09 UTC] Script execution completed
[2024-11-03 08:24:29] === Confirmation process started ===
[2024-11-03 08:24:29] Submitted code: 500316
[2024-11-03 08:24:29] Session-stored code: 500316
[2024-11-03 08:24:29] Verification successful. Code matched.
[2024-11-03 08:24:29] === Confirmation process ended ===
[03-Nov-2024 08:35:49 UTC] Script execution started
[03-Nov-2024 08:35:49 UTC] PHP Version: 8.1.29
[03-Nov-2024 08:35:49 UTC] Current working directory: /home/u783522058/domains/neuralroots.ai/public_html/Assesment-Templates/backend
[03-Nov-2024 08:35:49 UTC] Include path: .:/opt/alt/php81/usr/share/pear:/opt/alt/php81/usr/share/php:/usr/share/pear:/usr/share/php
[03-Nov-2024 08:35:49 UTC] Checking file: /home/u783522058/domains/neuralroots.ai/public_html/Assesment-Templates/backend/PHPmailer/src/Exception.php - Exists: Yes
[03-Nov-2024 08:35:49 UTC] Checking file: /home/u783522058/domains/neuralroots.ai/public_html/Assesment-Templates/backend/PHPmailer/src/PHPMailer.php - Exists: Yes
[03-Nov-2024 08:35:49 UTC] Checking file: /home/u783522058/domains/neuralroots.ai/public_html/Assesment-Templates/backend/PHPmailer/src/SMTP.php - Exists: Yes
[03-Nov-2024 08:35:49 UTC] PHPMailer files loaded successfully
[03-Nov-2024 08:35:49 UTC] Received request - Email: jaiprakash@mindlinksinc.com, First Name: User
[03-Nov-2024 08:35:54 UTC] Email sent successfully to jaiprakash@mindlinksinc.com
[03-Nov-2024 08:35:54 UTC] Script execution completed
[03-Nov-2024 08:36:36 UTC] Script execution started
[03-Nov-2024 08:36:36 UTC] PHP Version: 8.1.29
[03-Nov-2024 08:36:36 UTC] Current working directory: /home/u783522058/domains/neuralroots.ai/public_html/Assesment-Templates/backend
[03-Nov-2024 08:36:36 UTC] Include path: .:/opt/alt/php81/usr/share/pear:/opt/alt/php81/usr/share/php:/usr/share/pear:/usr/share/php
[03-Nov-2024 08:36:36 UTC] Checking file: /home/u783522058/domains/neuralroots.ai/public_html/Assesment-Templates/backend/PHPmailer/src/Exception.php - Exists: Yes
[03-Nov-2024 08:36:36 UTC] Checking file: /home/u783522058/domains/neuralroots.ai/public_html/Assesment-Templates/backend/PHPmailer/src/PHPMailer.php - Exists: Yes
[03-Nov-2024 08:36:36 UTC] Checking file: /home/u783522058/domains/neuralroots.ai/public_html/Assesment-Templates/backend/PHPmailer/src/SMTP.php - Exists: Yes
[03-Nov-2024 08:36:36 UTC] PHPMailer files loaded successfully
[03-Nov-2024 08:36:36 UTC] Received request - Email: jaiprakash@mindlinksinc.com, First Name: User
[03-Nov-2024 08:36:40 UTC] Email sent successfully to jaiprakash@mindlinksinc.com
[03-Nov-2024 08:36:40 UTC] Script execution completed
[2024-11-03 08:37:29] === Confirmation process started ===
[2024-11-03 08:37:29] Submitted code: 347550
[2024-11-03 08:37:29] Session-stored code: 347550
[2024-11-03 08:37:29] Verification successful. Code matched.
[2024-11-03 08:37:29] === Confirmation process ended ===
[03-Nov-2024 08:39:21 UTC] Script execution started
[03-Nov-2024 08:39:21 UTC] PHP Version: 8.1.29
[03-Nov-2024 08:39:21 UTC] Current working directory: /home/u783522058/domains/neuralroots.ai/public_html/Assesment-Templates/backend
[03-Nov-2024 08:39:21 UTC] Include path: .:/opt/alt/php81/usr/share/pear:/opt/alt/php81/usr/share/php:/usr/share/pear:/usr/share/php
[03-Nov-2024 08:39:21 UTC] Checking file: /home/u783522058/domains/neuralroots.ai/public_html/Assesment-Templates/backend/PHPmailer/src/Exception.php - Exists: Yes
[03-Nov-2024 08:39:21 UTC] Checking file: /home/u783522058/domains/neuralroots.ai/public_html/Assesment-Templates/backend/PHPmailer/src/PHPMailer.php - Exists: Yes
[03-Nov-2024 08:39:21 UTC] Checking file: /home/u783522058/domains/neuralroots.ai/public_html/Assesment-Templates/backend/PHPmailer/src/SMTP.php - Exists: Yes
[03-Nov-2024 08:39:21 UTC] PHPMailer files loaded successfully
[03-Nov-2024 08:39:21 UTC] Received request - Email: jaiprakash@mindlinksinc.com, First Name: User
[03-Nov-2024 08:39:25 UTC] Email sent successfully to jaiprakash@mindlinksinc.com
[03-Nov-2024 08:39:25 UTC] Script execution completed
[03-Nov-2024 08:46:06 UTC] Script execution started
[03-Nov-2024 08:46:06 UTC] PHP Version: 8.1.29
[03-Nov-2024 08:46:06 UTC] Current working directory: /home/u783522058/domains/neuralroots.ai/public_html/Assesment-Templates/backend
[03-Nov-2024 08:46:06 UTC] Include path: .:/opt/alt/php81/usr/share/pear:/opt/alt/php81/usr/share/php:/usr/share/pear:/usr/share/php
[03-Nov-2024 08:46:06 UTC] Checking file: /home/u783522058/domains/neuralroots.ai/public_html/Assesment-Templates/backend/PHPmailer/src/Exception.php - Exists: Yes
[03-Nov-2024 08:46:06 UTC] Checking file: /home/u783522058/domains/neuralroots.ai/public_html/Assesment-Templates/backend/PHPmailer/src/PHPMailer.php - Exists: Yes
[03-Nov-2024 08:46:06 UTC] Checking file: /home/u783522058/domains/neuralroots.ai/public_html/Assesment-Templates/backend/PHPmailer/src/SMTP.php - Exists: Yes
[03-Nov-2024 08:46:06 UTC] PHPMailer files loaded successfully
[03-Nov-2024 08:46:06 UTC] Received request - Email: jaiprakash@mindlinksinc.com, First Name: User
[03-Nov-2024 08:46:10 UTC] Email sent successfully to jaiprakash@mindlinksinc.com
[03-Nov-2024 08:46:10 UTC] Script execution completed
[03-Nov-2024 08:47:19 UTC] Script execution started
[03-Nov-2024 08:47:19 UTC] PHP Version: 8.1.29
[03-Nov-2024 08:47:19 UTC] Current working directory: /home/u783522058/domains/neuralroots.ai/public_html/Assesment-Templates/backend
[03-Nov-2024 08:47:19 UTC] Include path: .:/opt/alt/php81/usr/share/pear:/opt/alt/php81/usr/share/php:/usr/share/pear:/usr/share/php
[03-Nov-2024 08:47:19 UTC] Checking file: /home/u783522058/domains/neuralroots.ai/public_html/Assesment-Templates/backend/PHPmailer/src/Exception.php - Exists: Yes
[03-Nov-2024 08:47:19 UTC] Checking file: /home/u783522058/domains/neuralroots.ai/public_html/Assesment-Templates/backend/PHPmailer/src/PHPMailer.php - Exists: Yes
[03-Nov-2024 08:47:19 UTC] Checking file: /home/u783522058/domains/neuralroots.ai/public_html/Assesment-Templates/backend/PHPmailer/src/SMTP.php - Exists: Yes
[03-Nov-2024 08:47:19 UTC] PHPMailer files loaded successfully
[03-Nov-2024 08:47:19 UTC] Received request - Email: jaiprakash@mindlinksinc.com, First Name: User
[03-Nov-2024 08:47:24 UTC] Email sent successfully to jaiprakash@mindlinksinc.com
[03-Nov-2024 08:47:24 UTC] Script execution completed
[03-Nov-2024 08:49:05 UTC] Script execution started
[03-Nov-2024 08:49:05 UTC] PHP Version: 8.1.29
[03-Nov-2024 08:49:05 UTC] Current working directory: /home/u783522058/domains/neuralroots.ai/public_html/Assesment-Templates/backend
[03-Nov-2024 08:49:05 UTC] Include path: .:/opt/alt/php81/usr/share/pear:/opt/alt/php81/usr/share/php:/usr/share/pear:/usr/share/php
[03-Nov-2024 08:49:05 UTC] Checking file: /home/u783522058/domains/neuralroots.ai/public_html/Assesment-Templates/backend/PHPmailer/src/Exception.php - Exists: Yes
[03-Nov-2024 08:49:05 UTC] Checking file: /home/u783522058/domains/neuralroots.ai/public_html/Assesment-Templates/backend/PHPmailer/src/PHPMailer.php - Exists: Yes
[03-Nov-2024 08:49:05 UTC] Checking file: /home/u783522058/domains/neuralroots.ai/public_html/Assesment-Templates/backend/PHPmailer/src/SMTP.php - Exists: Yes
[03-Nov-2024 08:49:05 UTC] PHPMailer files loaded successfully
[03-Nov-2024 08:49:09 UTC] Script execution completed
[2024-11-03 08:49:26] === Confirmation process started ===
[2024-11-03 08:49:26] Submitted code: 920705
[2024-11-03 08:49:26] Session-stored code: 920705
[2024-11-03 08:49:26] Verification successful. Code matched.
[2024-11-03 08:49:26] === Confirmation process ended ===
[03-Nov-2024 09:03:44 UTC] Script execution started
[03-Nov-2024 09:03:44 UTC] PHP Version: 8.1.29
[03-Nov-2024 09:03:44 UTC] Current working directory: /home/u783522058/domains/neuralroots.ai/public_html/Assesment-Templates/backend
[03-Nov-2024 09:03:44 UTC] Include path: .:/opt/alt/php81/usr/share/pear:/opt/alt/php81/usr/share/php:/usr/share/pear:/usr/share/php
[03-Nov-2024 09:03:44 UTC] Checking file: /home/u783522058/domains/neuralroots.ai/public_html/Assesment-Templates/backend/PHPmailer/src/Exception.php - Exists: Yes
[03-Nov-2024 09:03:44 UTC] Checking file: /home/u783522058/domains/neuralroots.ai/public_html/Assesment-Templates/backend/PHPmailer/src/PHPMailer.php - Exists: Yes
[03-Nov-2024 09:03:44 UTC] Checking file: /home/u783522058/domains/neuralroots.ai/public_html/Assesment-Templates/backend/PHPmailer/src/SMTP.php - Exists: Yes
[03-Nov-2024 09:03:44 UTC] PHPMailer files loaded successfully
[03-Nov-2024 09:03:48 UTC] Script execution completed
[2024-11-03 09:04:12] === Confirmation process started ===
[2024-11-03 09:04:12] Submitted code: 664834
[2024-11-03 09:04:12] Session-stored code: 664834
[2024-11-03 09:04:12] Verification successful. Code matched.
[2024-11-03 09:04:12] === Confirmation process ended ===
[04-Nov-2024 06:11:16 UTC] Script execution started
[04-Nov-2024 06:11:16 UTC] PHP Version: 8.1.29
[04-Nov-2024 06:11:16 UTC] Current working directory: /home/u783522058/domains/neuralroots.ai/public_html/Assesment-Templates/backend
[04-Nov-2024 06:11:16 UTC] Include path: .:/opt/alt/php81/usr/share/pear:/opt/alt/php81/usr/share/php:/usr/share/pear:/usr/share/php
[04-Nov-2024 06:11:16 UTC] Checking file: /home/u783522058/domains/neuralroots.ai/public_html/Assesment-Templates/backend/PHPmailer/src/Exception.php - Exists: Yes
[04-Nov-2024 06:11:16 UTC] Checking file: /home/u783522058/domains/neuralroots.ai/public_html/Assesment-Templates/backend/PHPmailer/src/PHPMailer.php - Exists: Yes
[04-Nov-2024 06:11:16 UTC] Checking file: /home/u783522058/domains/neuralroots.ai/public_html/Assesment-Templates/backend/PHPmailer/src/SMTP.php - Exists: Yes
[04-Nov-2024 06:11:16 UTC] PHPMailer files loaded successfully
[04-Nov-2024 06:11:16 UTC] Received email: jaiprakash@mindlinksinc.com
[04-Nov-2024 06:11:16 UTC] Received first name: User
[04-Nov-2024 06:11:21 UTC] Verification email sent successfully to: jaiprakash@mindlinksinc.com
[04-Nov-2024 06:11:21 UTC] Script execution completed
[04-Nov-2024 06:15:01 UTC] Script execution started
[04-Nov-2024 06:15:01 UTC] PHP Version: 8.1.29
[04-Nov-2024 06:15:01 UTC] Current working directory: /home/u783522058/domains/neuralroots.ai/public_html/Assesment-Templates/backend
[04-Nov-2024 06:15:01 UTC] Include path: .:/opt/alt/php81/usr/share/pear:/opt/alt/php81/usr/share/php:/usr/share/pear:/usr/share/php
[04-Nov-2024 06:15:01 UTC] Checking file: /home/u783522058/domains/neuralroots.ai/public_html/Assesment-Templates/backend/PHPmailer/src/Exception.php - Exists: Yes
[04-Nov-2024 06:15:01 UTC] Checking file: /home/u783522058/domains/neuralroots.ai/public_html/Assesment-Templates/backend/PHPmailer/src/PHPMailer.php - Exists: Yes
[04-Nov-2024 06:15:01 UTC] Checking file: /home/u783522058/domains/neuralroots.ai/public_html/Assesment-Templates/backend/PHPmailer/src/SMTP.php - Exists: Yes
[04-Nov-2024 06:15:01 UTC] PHPMailer files loaded successfully
[04-Nov-2024 06:15:01 UTC] Received email: jaiprakash@mindlinksinc.com
[04-Nov-2024 06:15:01 UTC] Received first name: User
[04-Nov-2024 06:15:05 UTC] Verification email sent successfully to: jaiprakash@mindlinksinc.com
[04-Nov-2024 06:15:05 UTC] Script execution completed
[04-Nov-2024 06:19:21 UTC] Script execution started
[04-Nov-2024 06:19:21 UTC] PHP Version: 8.1.29
[04-Nov-2024 06:19:21 UTC] Current working directory: /home/u783522058/domains/neuralroots.ai/public_html/Assesment-Templates/backend
[04-Nov-2024 06:19:21 UTC] Include path: .:/opt/alt/php81/usr/share/pear:/opt/alt/php81/usr/share/php:/usr/share/pear:/usr/share/php
[04-Nov-2024 06:19:21 UTC] Checking file: /home/u783522058/domains/neuralroots.ai/public_html/Assesment-Templates/backend/PHPmailer/src/Exception.php - Exists: Yes
[04-Nov-2024 06:19:21 UTC] Checking file: /home/u783522058/domains/neuralroots.ai/public_html/Assesment-Templates/backend/PHPmailer/src/PHPMailer.php - Exists: Yes
[04-Nov-2024 06:19:21 UTC] Checking file: /home/u783522058/domains/neuralroots.ai/public_html/Assesment-Templates/backend/PHPmailer/src/SMTP.php - Exists: Yes
[04-Nov-2024 06:19:21 UTC] PHPMailer files loaded successfully
[04-Nov-2024 06:19:21 UTC] POST data received: Array
(
    [email] => jaiprakash@mindlinksinc.com
)

[04-Nov-2024 06:19:21 UTC] Received email: jaiprakash@mindlinksinc.com
[04-Nov-2024 06:19:21 UTC] Received first name: 
[04-Nov-2024 06:20:50 UTC] Script execution started
[04-Nov-2024 06:20:50 UTC] PHP Version: 8.1.29
[04-Nov-2024 06:20:50 UTC] Current working directory: /home/u783522058/domains/neuralroots.ai/public_html/Assesment-Templates/backend
[04-Nov-2024 06:20:50 UTC] Include path: .:/opt/alt/php81/usr/share/pear:/opt/alt/php81/usr/share/php:/usr/share/pear:/usr/share/php
[04-Nov-2024 06:20:50 UTC] Checking file: /home/u783522058/domains/neuralroots.ai/public_html/Assesment-Templates/backend/PHPmailer/src/Exception.php - Exists: Yes
[04-Nov-2024 06:20:50 UTC] Checking file: /home/u783522058/domains/neuralroots.ai/public_html/Assesment-Templates/backend/PHPmailer/src/PHPMailer.php - Exists: Yes
[04-Nov-2024 06:20:50 UTC] Checking file: /home/u783522058/domains/neuralroots.ai/public_html/Assesment-Templates/backend/PHPmailer/src/SMTP.php - Exists: Yes
[04-Nov-2024 06:20:50 UTC] PHPMailer files loaded successfully
[04-Nov-2024 06:20:50 UTC] POST data received: Array
(
    [email] => jaiprakash@mindlinksinc.com
)

[04-Nov-2024 06:20:50 UTC] Received email: jaiprakash@mindlinksinc.com
[04-Nov-2024 06:20:50 UTC] Received first name: 
[04-Nov-2024 06:23:07 UTC] POST data received: Array
(
    [email] => jaiprakash@mindlinksinc.com
)

[04-Nov-2024 06:23:07 UTC] Raw POST data: email=jaiprakash%40mindlinksinc.com
[04-Nov-2024 06:23:07 UTC] Received email: jaiprakash@mindlinksinc.com
[04-Nov-2024 06:23:07 UTC] Received first name: 
[04-Nov-2024 06:23:07 UTC] Missing first name
[04-Nov-2024 06:25:42 UTC] REQUEST_METHOD: POST
[04-Nov-2024 06:25:42 UTC] RAW POST: email=jaiprakash%40mindlinksinc.com
[04-Nov-2024 06:25:42 UTC] POST Variables: Array
(
    [email] => jaiprakash@mindlinksinc.com
)

[04-Nov-2024 06:25:42 UTC] Received Data - Email: 'jaiprakash@mindlinksinc.com', First Name: ''
[04-Nov-2024 06:25:42 UTC] Missing required fields - Email: present, First Name: missing
[04-Nov-2024 06:25:58 UTC] REQUEST_METHOD: POST
[04-Nov-2024 06:25:58 UTC] RAW POST: email=jaiprakash%40mindlinksinc.com
[04-Nov-2024 06:25:58 UTC] POST Variables: Array
(
    [email] => jaiprakash@mindlinksinc.com
)

[04-Nov-2024 06:25:58 UTC] Received Data - Email: 'jaiprakash@mindlinksinc.com', First Name: ''
[04-Nov-2024 06:25:58 UTC] Missing required fields - Email: present, First Name: missing
[04-Nov-2024 06:29:16 UTC] Received JSON data: 
[04-Nov-2024 06:29:16 UTC] Processing - Email: '', First Name: ''
[04-Nov-2024 06:30:17 UTC] Received JSON data: Array
(
    [email] => jaiprakash@mindlinksinc.com
    [first_name] => jai
)

[04-Nov-2024 06:30:17 UTC] Processing - Email: 'jaiprakash@mindlinksinc.com', First Name: 'jai'
[04-Nov-2024 06:30:21 UTC] Unexpected output: {"status":"success","message":"Verification code sent successfully"}
[04-Nov-2024 06:31:02 UTC] Received JSON data: Array
(
    [email] => jaiprakash@mindlinksinc.com
    [first_name] => jai
)

[04-Nov-2024 06:31:02 UTC] Processing - Email: 'jaiprakash@mindlinksinc.com', First Name: 'jai'
[04-Nov-2024 06:31:06 UTC] Unexpected output: {"status":"success","message":"Verification code sent successfully"}
[04-Nov-2024 06:33:59 UTC] Processing request for email: jaiprakash@mindlinksinc.com, name: jp
[04-Nov-2024 06:34:03 UTC] Email sent successfully to jaiprakash@mindlinksinc.com
[2024-11-04 06:34:17] === Confirmation process started ===
[2024-11-04 06:34:17] Submitted code: 515569
[2024-11-04 06:34:17] Session-stored code: 515569
[2024-11-04 06:34:17] Verification successful. Code matched.
[2024-11-04 06:34:17] === Confirmation process ended ===
[04-Nov-2024 06:35:58 UTC] Processing request for email: jaiprakash@mindlinksinc.com, name: Jai Prakash
[04-Nov-2024 06:36:02 UTC] Email sent successfully to jaiprakash@mindlinksinc.com
[2024-11-04 06:36:25] === Confirmation process started ===
[2024-11-04 06:36:25] Submitted code: 721459
[2024-11-04 06:36:25] Session-stored code: 721459
[2024-11-04 06:36:25] Verification successful. Code matched.
[2024-11-04 06:36:25] === Confirmation process ended ===
