=== Form Submission ===
Date: 2024-11-05 10:36:32
First Name: Jai
Last Name: Prakash R
Email: jaip72041@gmail.com
Company: stark industries
Title: DC
Description: DC
Url: https://neuralroots.ai/contact-us/
Submission Time: 2024-11-05 10:36:32
Ip Address: 2401:4900:8838:c98c:f903:aaf:5fcd:88e3
User Agent: Mozilla/5.0 (Windows NT 10.0; Win64; x64) AppleWebKit/537.36 (KHTML, like Gecko) Chrome/130.0.0.0 Safari/537.36
====================

=== Form Submission ===
Date: 2024-11-05 10:38:19
First Name: madhan 
Last Name: stark
Email: jaip72041@gmail.com
Company: stark industries
Title: CEO
Description: HI
Url: https://neuralroots.ai/contact-us/
Submission Time: 2024-11-05 10:38:19
Ip Address: 2401:4900:8838:c98c:f903:aaf:5fcd:88e3
User Agent: Mozilla/5.0 (Windows NT 10.0; Win64; x64) AppleWebKit/537.36 (KHTML, like Gecko) Chrome/130.0.0.0 Safari/537.36
====================

=== Form Submission ===
Date: 2024-11-05 10:40:19
First Name: madhan 
Last Name: R
Email: jaip72041@gmail.com
Company: stark industries
Title: DC
Description: DC
Url: https://neuralroots.ai/contact-us/
Submission Time: 2024-11-05 10:40:19
Ip Address: 2401:4900:8838:c98c:f903:aaf:5fcd:88e3
User Agent: Mozilla/5.0 (Windows NT 10.0; Win64; x64) AppleWebKit/537.36 (KHTML, like Gecko) Chrome/130.0.0.0 Safari/537.36
====================

=== Form Submission ===
Date: 2024-11-05 10:42:48
First Name: Chris 
Last Name: Evans
Email: Chris@gmail.com
Company: Chris industries 
Phone: +917896569965
Title: Avengers
Description: I CAN DO THIS ALL DAY
Url: https://neuralroots.ai/contact-us/
Submission Time: 2024-11-05 10:42:48
Ip Address: 2401:4900:8838:c98c:f903:aaf:5fcd:88e3
User Agent: Mozilla/5.0 (Windows NT 10.0; Win64; x64) AppleWebKit/537.36 (KHTML, like Gecko) Chrome/130.0.0.0 Safari/537.36
====================

=== Form Submission ===
Date: 2024-11-05 16:30:03
First Name: Bruce 
Last Name: Wayne
Email: DC@gmail.com
Company: Wayne Industries
Phone: +917348901130
Title: CTO
Description: IM AM BATMAN 
Url: https://neuralroots.ai/contact-us/
Submission Time: 2024-11-05 16:30:03
Ip Address: 203.192.244.218
User Agent: Mozilla/5.0 (Windows NT 10.0; Win64; x64) AppleWebKit/537.36 (KHTML, like Gecko) Chrome/130.0.0.0 Safari/537.36
====================

=== Form Submission ===
Date: 2024-11-05 17:25:55
First Name: Peter 
Last Name: Parker 
Email: Spider@gmail.com
Company: TONY stark Industries
Title: SPIDEY
Description: KACHOWW
Url: https://neuralroots.ai/contact-us/
Submission Time: 2024-11-05 17:25:55
Ip Address: 203.192.244.218
User Agent: Mozilla/5.0 (Windows NT 10.0; Win64; x64) AppleWebKit/537.36 (KHTML, like Gecko) Chrome/130.0.0.0 Safari/537.36
====================

=== Form Submission ===
Date: 2024-11-06 04:34:20
First Name: Thor 
Last Name: Odinson
Email: Thor@gmail.com
Company: Asgard
Title: KING
Description: BRING ME THANOS
Url: https://neuralroots.ai/contact-us/
Submission Time: 2024-11-06 04:34:20
Ip Address: 2401:4900:8839:b896:980c:5a30:3c96:5b61
User Agent: Mozilla/5.0 (Windows NT 10.0; Win64; x64) AppleWebKit/537.36 (KHTML, like Gecko) Chrome/130.0.0.0 Safari/537.36
====================

=== Form Submission ===
Date: 2024-11-11 03:07:43
First Name: Hruthik
Last Name: TM
Email: tmhruthik@gmail.com
Company: NA
Phone: +918660195850
Title: Entry Level Engineering Position 
Description: I have emailed my resume and other details . I am looking forward to the possibility of contributing to your team and I'm available at your earliest convenience for an interview.
Url: https://neuralroots.ai/contact-us/
Submission Time: 2024-11-11 03:07:43
Ip Address: 103.124.10.131
User Agent: Mozilla/5.0 (Linux; Android 10; K) AppleWebKit/537.36 (KHTML, like Gecko) Chrome/130.0.0.0 Mobile Safari/537.36
====================

